<?xml version="1.0" encoding="UTF-8"?>
<testsuite xmlns:xsi="http://www.w3.org/2001/XMLSchema-instance" xsi:noNamespaceSchemaLocation="https://maven.apache.org/surefire/maven-surefire-plugin/xsd/surefire-test-report.xsd" name="ecommerce01.CustomerTest" time="0.081" tests="5" errors="0" skipped="5" failures="0">
  <properties>
[...]
</properties>
  <testcase name="testRegisterCustomer" classname="ecommerce01.CustomerTest" time="0">
    <skipped message="public void ecommerce01.CustomerTest.testRegisterCustomer() is @Disabled"/>
  </testcase>
  <testcase name="testFindOneAndDelete" classname="ecommerce01.CustomerTest" time="0">
    <skipped message="public void ecommerce01.CustomerTest.testFindOneAndDelete() is @Disabled"/>
  </testcase>
  <testcase name="testFindOneNotNull" classname="ecommerce01.CustomerTest" time="0">
    <skipped message="public void ecommerce01.CustomerTest.testFindOneNotNull() is @Disabled"/>
  </testcase>
  <testcase name="testFindOneAndUpdate" classname="ecommerce01.CustomerTest" time="0">
    <skipped message="public void ecommerce01.CustomerTest.testFindOneAndUpdate() is @Disabled"/>
  </testcase>
  <testcase name="testFindAllNotNull" classname="ecommerce01.CustomerTest" time="0">
    <skipped message="public void ecommerce01.CustomerTest.testFindAllNotNull() is @Disabled"/>
  </testcase>
</testsuite>